<?xml version="1.0" encoding="UTF-8"?><testsuite errors="1" failures="0" name="Google translate" skipped="0" tests="1" time="11.17" timestamp="2022-11-11 10:29:04"><testcase name="Translate from English to Spanish"><error message="Step [she translates the word {string} from English to Spanish] is defined with 2 parameters at 'co.com.qvision.login.stepdefinitions.GoogleTranslateStepDefinitions.sheTranslatesTheWordFromEnglishToSpanish(java.lang.String,java.lang.String)'.&#10;However, the gherkin step has 1 arguments:&#10; * &quot;riogo10@homail.com&quot;&#10;Step text: she translates the word &quot;riogo10@homail.com&quot; from English to Spanish" type="io.cucumber.core.exception.CucumberException">Step [she translates the word {string} from English to Spanish] is defined with 2 parameters at 'co.com.qvision.login.stepdefinitions.GoogleTranslateStepDefinitions.sheTranslatesTheWordFromEnglishToSpanish(java.lang.String,java.lang.String)'.
However, the gherkin step has 1 arguments:
 * "riogo10@homail.com"
Step text: she translates the word "riogo10@homail.com" from English to Spanish</error><system-err>Step [she translates the word {string} from English to Spanish] is defined with 2 parameters at 'co.com.qvision.login.stepdefinitions.GoogleTranslateStepDefinitions.sheTranslatesTheWordFromEnglishToSpanish(java.lang.String,java.lang.String)'.
However, the gherkin step has 1 arguments:
 * "riogo10@homail.com"
Step text: she translates the word "riogo10@homail.com" from English to Spanish&#13;
io.cucumber.core.runner.PickleStepDefinitionMatch.arityMismatch(PickleStepDefinitionMatch.java:83)&#13;
io.cucumber.core.runner.PickleStepDefinitionMatch.runStep(PickleStepDefinitionMatch.java:42)&#13;
io.cucumber.core.runner.TestStep.executeStep(TestStep.java:92)&#13;
io.cucumber.core.runner.TestStep.run(TestStep.java:64)&#13;
io.cucumber.core.runner.PickleStepTestStep.run(PickleStepTestStep.java:51)&#13;
io.cucumber.core.runner.TestCase.run(TestCase.java:104)&#13;
io.cucumber.core.runner.Runner.runPickle(Runner.java:73)&#13;
io.cucumber.junit.FeatureRunner.runChild(FeatureRunner.java:135)&#13;
io.cucumber.junit.FeatureRunner.runChild(FeatureRunner.java:27)&#13;
io.cucumber.junit.CucumberSerenityRunner.runChild(CucumberSerenityRunner.java:258)&#13;
io.cucumber.junit.CucumberSerenityRunner.runChild(CucumberSerenityRunner.java:57)&#13;
worker.org.gradle.process.internal.worker.GradleWorkerMain.run(GradleWorkerMain.java:69)&#13;
worker.org.gradle.process.internal.worker.GradleWorkerMain.main(GradleWorkerMain.java:74)&#13;
</system-err></testcase></testsuite>