<?xml version="1.0" encoding="UTF-8"?><testsuite errors="1" failures="0" name="Google translate" skipped="0" tests="1" time="4.79" timestamp="2022-11-10 08:20:11"><testcase name="Translate from English to Spanish"><error message="Could not instantiate new WebDriver instance of type class org.openqa.selenium.chrome.ChromeDriver (session not created: This version of ChromeDriver only supports Chrome version 103&#10;Current browser version is 107.0.5304.88 with binary path C:\Program Files\Google\Chrome\Application\chrome.exe&#10;Build info: version: '3.141.59', revision: 'e82be7d358', time: '2018-11-14T08:17:03'&#10;System info: host: 'GS-0134', ip: '10.100.0.85', os.name: 'Windows 10', os.arch: 'amd64', os.version: '10.0', java.version: '1.8.0_202'&#10;Driver info: driver.version: ProvideNewDriver&#10;remote stacktrace: Backtrace:&#10;&#9;Ordinal0 [0x00EB6463+2188387]&#10;&#9;Ordinal0 [0x00E4E461+1762401]&#10;&#9;Ordinal0 [0x00D63D78+802168]&#10;&#9;Ordinal0 [0x00D84E59+937561]&#10;&#9;Ordinal0 [0x00D80A6C+920172]&#10;&#9;Ordinal0 [0x00D7E331+910129]&#10;&#9;Ordinal0 [0x00DB1430+1119280]&#10;&#9;Ordinal0 [0x00DB108A+1118346]&#10;&#9;Ordinal0 [0x00DAC5F6+1099254]&#10;&#9;Ordinal0 [0x00D86BE0+945120]&#10;&#9;Ordinal0 [0x00D87AD6+948950]&#10;&#9;GetHandleVerifier [0x011571F2+2712546]&#10;&#9;GetHandleVerifier [0x0114886D+2652765]&#10;&#9;GetHandleVerifier [0x00F4002A+520730]&#10;&#9;GetHandleVerifier [0x00F3EE06+516086]&#10;&#9;Ordinal0 [0x00E5468B+1787531]&#10;&#9;Ordinal0 [0x00E58E88+1805960]&#10;&#9;Ordinal0 [0x00E58F75+1806197]&#10;&#9;Ordinal0 [0x00E61DF1+1842673]&#10;&#9;BaseThreadInitThunk [0x766CFA29+25]&#10;&#9;RtlGetAppContainerNamedObjectPath [0x77CF7BBE+286]&#10;&#9;RtlGetAppContainerNamedObjectPath [0x77CF7B8E+238]&#10;). See below for more details." type="net.thucydides.core.webdriver.DriverConfigurationError">Could not instantiate new WebDriver instance of type class org.openqa.selenium.chrome.ChromeDriver (session not created: This version of ChromeDriver only supports Chrome version 103
Current browser version is 107.0.5304.88 with binary path C:\Program Files\Google\Chrome\Application\chrome.exe
Build info: version: '3.141.59', revision: 'e82be7d358', time: '2018-11-14T08:17:03'
System info: host: 'GS-0134', ip: '10.100.0.85', os.name: 'Windows 10', os.arch: 'amd64', os.version: '10.0', java.version: '1.8.0_202'
Driver info: driver.version: ProvideNewDriver
remote stacktrace: Backtrace:
	Ordinal0 [0x00EB6463+2188387]
	Ordinal0 [0x00E4E461+1762401]
	Ordinal0 [0x00D63D78+802168]
	Ordinal0 [0x00D84E59+937561]
	Ordinal0 [0x00D80A6C+920172]
	Ordinal0 [0x00D7E331+910129]
	Ordinal0 [0x00DB1430+1119280]
	Ordinal0 [0x00DB108A+1118346]
	Ordinal0 [0x00DAC5F6+1099254]
	Ordinal0 [0x00D86BE0+945120]
	Ordinal0 [0x00D87AD6+948950]
	GetHandleVerifier [0x011571F2+2712546]
	GetHandleVerifier [0x0114886D+2652765]
	GetHandleVerifier [0x00F4002A+520730]
	GetHandleVerifier [0x00F3EE06+516086]
	Ordinal0 [0x00E5468B+1787531]
	Ordinal0 [0x00E58E88+1805960]
	Ordinal0 [0x00E58F75+1806197]
	Ordinal0 [0x00E61DF1+1842673]
	BaseThreadInitThunk [0x766CFA29+25]
	RtlGetAppContainerNamedObjectPath [0x77CF7BBE+286]
	RtlGetAppContainerNamedObjectPath [0x77CF7B8E+238]
). See below for more details.</error><system-err>Could not instantiate new WebDriver instance of type class org.openqa.selenium.chrome.ChromeDriver (session not created: This version of ChromeDriver only supports Chrome version 103
Current browser version is 107.0.5304.88 with binary path C:\Program Files\Google\Chrome\Application\chrome.exe
Build info: version: '3.141.59', revision: 'e82be7d358', time: '2018-11-14T08:17:03'
System info: host: 'GS-0134', ip: '10.100.0.85', os.name: 'Windows 10', os.arch: 'amd64', os.version: '10.0', java.version: '1.8.0_202'
Driver info: driver.version: ProvideNewDriver
remote stacktrace: Backtrace:
	Ordinal0 [0x00EB6463+2188387]
	Ordinal0 [0x00E4E461+1762401]
	Ordinal0 [0x00D63D78+802168]
	Ordinal0 [0x00D84E59+937561]
	Ordinal0 [0x00D80A6C+920172]
	Ordinal0 [0x00D7E331+910129]
	Ordinal0 [0x00DB1430+1119280]
	Ordinal0 [0x00DB108A+1118346]
	Ordinal0 [0x00DAC5F6+1099254]
	Ordinal0 [0x00D86BE0+945120]
	Ordinal0 [0x00D87AD6+948950]
	GetHandleVerifier [0x011571F2+2712546]
	GetHandleVerifier [0x0114886D+2652765]
	GetHandleVerifier [0x00F4002A+520730]
	GetHandleVerifier [0x00F3EE06+516086]
	Ordinal0 [0x00E5468B+1787531]
	Ordinal0 [0x00E58E88+1805960]
	Ordinal0 [0x00E58F75+1806197]
	Ordinal0 [0x00E61DF1+1842673]
	BaseThreadInitThunk [0x766CFA29+25]
	RtlGetAppContainerNamedObjectPath [0x77CF7BBE+286]
	RtlGetAppContainerNamedObjectPath [0x77CF7B8E+238]
). See below for more details.&#13;
co.com.qvision.login.steps.GoogleHomePage.opensGoogleTranslatePage(GoogleHomePage.java:13)&#13;
co.com.qvision.login.stepdefinitions.GoogleTranslateStepDefinitions.thatSusanWantsToTranslateAWord(GoogleTranslateStepDefinitions.java:16)&#13;
io.cucumber.java.Invoker.doInvoke(Invoker.java:66)&#13;
io.cucumber.java.Invoker.invoke(Invoker.java:24)&#13;
io.cucumber.java.AbstractGlueDefinition.invokeMethod(AbstractGlueDefinition.java:47)&#13;
io.cucumber.java.JavaStepDefinition.execute(JavaStepDefinition.java:29)&#13;
io.cucumber.core.runner.CoreStepDefinition.execute(CoreStepDefinition.java:66)&#13;
io.cucumber.core.runner.PickleStepDefinitionMatch.runStep(PickleStepDefinitionMatch.java:63)&#13;
io.cucumber.core.runner.TestStep.executeStep(TestStep.java:92)&#13;
io.cucumber.core.runner.TestStep.run(TestStep.java:64)&#13;
io.cucumber.core.runner.PickleStepTestStep.run(PickleStepTestStep.java:51)&#13;
io.cucumber.core.runner.TestCase.run(TestCase.java:104)&#13;
io.cucumber.core.runner.Runner.runPickle(Runner.java:73)&#13;
io.cucumber.junit.FeatureRunner.runChild(FeatureRunner.java:135)&#13;
io.cucumber.junit.FeatureRunner.runChild(FeatureRunner.java:27)&#13;
io.cucumber.junit.CucumberSerenityRunner.runChild(CucumberSerenityRunner.java:258)&#13;
io.cucumber.junit.CucumberSerenityRunner.runChild(CucumberSerenityRunner.java:57)&#13;
worker.org.gradle.process.internal.worker.GradleWorkerMain.run(GradleWorkerMain.java:69)&#13;
worker.org.gradle.process.internal.worker.GradleWorkerMain.main(GradleWorkerMain.java:74)&#13;
</system-err></testcase></testsuite>